[debug] [2025-11-22T20:32:16.565Z] ----------------------------------------------------------------------
[debug] [2025-11-22T20:32:16.567Z] Command:       /opt/homebrew/Cellar/node/25.1.0_1/bin/node /opt/homebrew/bin/firebase deploy
[debug] [2025-11-22T20:32:16.567Z] CLI Version:   14.25.0
[debug] [2025-11-22T20:32:16.567Z] Platform:      darwin
[debug] [2025-11-22T20:32:16.567Z] Node Version:  v25.1.0
[debug] [2025-11-22T20:32:16.567Z] Time:          Sat Nov 22 2025 12:32:16 GMT-0800 (Pacific Standard Time)
[debug] [2025-11-22T20:32:16.567Z] ----------------------------------------------------------------------
[debug] 
[debug] [2025-11-22T20:32:16.695Z] > command requires scopes: ["email","openid","https://www.googleapis.com/auth/cloudplatformprojects.readonly","https://www.googleapis.com/auth/firebase","https://www.googleapis.com/auth/cloud-platform"]
[debug] [2025-11-22T20:32:16.695Z] > authorizing via signed-in user (hello@cherrytree.app)
[debug] [2025-11-22T20:32:16.695Z] [iam] checking project cherrytree-cofounder-agreement for permissions ["cloudfunctions.functions.create","cloudfunctions.functions.delete","cloudfunctions.functions.get","cloudfunctions.functions.list","cloudfunctions.functions.update","cloudfunctions.operations.get","datastore.indexes.create","datastore.indexes.delete","datastore.indexes.list","datastore.indexes.update","firebase.projects.get","firebasehosting.sites.update"]
[debug] [2025-11-22T20:32:16.696Z] Checked if tokens are valid: false, expires at: 1763841925141
[debug] [2025-11-22T20:32:16.696Z] Checked if tokens are valid: false, expires at: 1763841925141
[debug] [2025-11-22T20:32:16.696Z] > refreshing access token with scopes: []
[debug] [2025-11-22T20:32:16.697Z] >>> [apiv2][query] POST https://www.googleapis.com/oauth2/v3/token [none]
[debug] [2025-11-22T20:32:16.697Z] >>> [apiv2][body] POST https://www.googleapis.com/oauth2/v3/token [omitted]
[debug] [2025-11-22T20:32:16.854Z] <<< [apiv2][status] POST https://www.googleapis.com/oauth2/v3/token 400
[debug] [2025-11-22T20:32:16.854Z] <<< [apiv2][body] POST https://www.googleapis.com/oauth2/v3/token [omitted]
[error] Authentication Error: Your credentials are no longer valid. Please run firebase login --reauth

For CI servers and headless environments, generate a new token with firebase login:ci
[error] Authentication Error: Your credentials are no longer valid. Please run firebase login --reauth

For CI servers and headless environments, generate a new token with firebase login:ci
[debug] [2025-11-22T20:32:16.854Z] [iam] error while checking permissions, command may fail: Authentication Error: Your credentials are no longer valid. Please run firebase login --reauth

For CI servers and headless environments, generate a new token with firebase login:ci
[debug] [2025-11-22T20:32:16.854Z] Checked if tokens are valid: false, expires at: 1763841925141
[debug] [2025-11-22T20:32:16.855Z] Checked if tokens are valid: false, expires at: 1763841925141
[debug] [2025-11-22T20:32:16.855Z] > refreshing access token with scopes: []
[debug] [2025-11-22T20:32:16.855Z] >>> [apiv2][query] POST https://www.googleapis.com/oauth2/v3/token [none]
[debug] [2025-11-22T20:32:16.855Z] >>> [apiv2][body] POST https://www.googleapis.com/oauth2/v3/token [omitted]
[debug] [2025-11-22T20:32:16.929Z] <<< [apiv2][status] POST https://www.googleapis.com/oauth2/v3/token 400
[debug] [2025-11-22T20:32:16.929Z] <<< [apiv2][body] POST https://www.googleapis.com/oauth2/v3/token [omitted]
[error] Authentication Error: Your credentials are no longer valid. Please run firebase login --reauth

For CI servers and headless environments, generate a new token with firebase login:ci
[error] Authentication Error: Your credentials are no longer valid. Please run firebase login --reauth

For CI servers and headless environments, generate a new token with firebase login:ci
[debug] [2025-11-22T20:32:16.930Z] [functions] service account IAM check errored, deploy may fail: Authentication Error: Your credentials are no longer valid. Please run firebase login --reauth

For CI servers and headless environments, generate a new token with firebase login:ci {"name":"FirebaseError","children":[],"exit":1,"message":"Authentication Error: Your credentials are no longer valid. Please run firebase login --reauth\n\nFor CI servers and headless environments, generate a new token with firebase login:ci","status":500}
[debug] [2025-11-22T20:32:16.930Z] Checked if tokens are valid: false, expires at: 1763841925141
[debug] [2025-11-22T20:32:16.930Z] Checked if tokens are valid: false, expires at: 1763841925141
[debug] [2025-11-22T20:32:16.930Z] > refreshing access token with scopes: []
[debug] [2025-11-22T20:32:16.930Z] >>> [apiv2][query] POST https://www.googleapis.com/oauth2/v3/token [none]
[debug] [2025-11-22T20:32:16.930Z] >>> [apiv2][body] POST https://www.googleapis.com/oauth2/v3/token [omitted]
[debug] [2025-11-22T20:32:17.013Z] <<< [apiv2][status] POST https://www.googleapis.com/oauth2/v3/token 400
[debug] [2025-11-22T20:32:17.013Z] <<< [apiv2][body] POST https://www.googleapis.com/oauth2/v3/token [omitted]
[error] Authentication Error: Your credentials are no longer valid. Please run firebase login --reauth

For CI servers and headless environments, generate a new token with firebase login:ci
[error] Authentication Error: Your credentials are no longer valid. Please run firebase login --reauth

For CI servers and headless environments, generate a new token with firebase login:ci
[debug] [2025-11-22T20:32:17.013Z] Authentication Error: Your credentials are no longer valid. Please run firebase login --reauth

For CI servers and headless environments, generate a new token with firebase login:ci
[error] 
[error] Error: Assertion failed: resolving hosting target of a site with no site name or target name. This should have caused an error earlier
